# JRE version: Java(TM) SE Runtime Environment (8.0_112-b15) (build 1.8.0_112-b15)
# Java VM: Java HotSpot(TM) 64-Bit Server VM (25.112-b15 mixed mode windows-amd64 compressed oops)
Heap:
 PSYoungGen      total 54272K, used 5317K [0x00000007bc400000, 0x00000007c0000000, 0x00000007c0000000)
  eden space 49664K, 1% used [0x00000007bc400000,0x00000007bc4dd618,0x00000007bf480000)
  from space 4608K, 97% used [0x00000007bf500000,0x00000007bf95e740,0x00000007bf980000)
  to   space 6144K, 0% used [0x00000007bfa00000,0x00000007bfa00000,0x00000007c0000000)
 ParOldGen       total 263168K, used 167541K [0x0000000700000000, 0x0000000710100000, 0x00000007bc400000)
  object space 263168K, 63% used [0x0000000700000000,0x000000070a39d5a8,0x0000000710100000)
 Metaspace       used 94175K, capacity 95269K, committed 95872K, reserved 1132544K
  class space    used 13422K, capacity 13631K, committed 13696K, reserved 1048576K
GC Heap History (10 events):
Event: 432907.751 GC heap before
{Heap before GC invocations=7636 (full 436):
 PSYoungGen      total 57856K, used 55488K [0x00000007bc400000, 0x00000007c0000000, 0x00000007c0000000)
  eden space 54272K, 100% used [0x00000007bc400000,0x00000007bf900000,0x00000007bf900000)
  from space 3584K, 33% used [0x00000007bf900000,0x00000007bfa30000,0x00000007bfc80000)
  to   space 3584K, 0% used [0x00000007bfc80000,0x00000007bfc80000,0x00000007c0000000)
 ParOldGen       total 263168K, used 166405K [0x0000000700000000, 0x0000000710100000, 0x00000007bc400000)
  object space 263168K, 63% used [0x0000000700000000,0x000000070a281558,0x0000000710100000)
 Metaspace       used 94116K, capacity 95205K, committed 95872K, reserved 1132544K
  class space    used 13422K, capacity 13631K, committed 13696K, reserved 1048576K
Event: 432907.756 GC heap after
Heap after GC invocations=7636 (full 436):
 PSYoungGen      total 57856K, used 1280K [0x00000007bc400000, 0x00000007c0000000, 0x00000007c0000000)
  eden space 54272K, 0% used [0x00000007bc400000,0x00000007bc400000,0x00000007bf900000)
  from space 3584K, 35% used [0x00000007bfc80000,0x00000007bfdc0000,0x00000007c0000000)
  to   space 3584K, 0% used [0x00000007bf900000,0x00000007bf900000,0x00000007bfc80000)
 ParOldGen       total 263168K, used 166413K [0x0000000700000000, 0x0000000710100000, 0x00000007bc400000)
  object space 263168K, 63% used [0x0000000700000000,0x000000070a283558,0x0000000710100000)
 Metaspace       used 94116K, capacity 95205K, committed 95872K, reserved 1132544K
  class space    used 13422K, capacity 13631K, committed 13696K, reserved 1048576K
}
Event: 432915.045 GC heap before
{Heap before GC invocations=7637 (full 436):
 PSYoungGen      total 57856K, used 55552K [0x00000007bc400000, 0x00000007c0000000, 0x00000007c0000000)
  eden space 54272K, 100% used [0x00000007bc400000,0x00000007bf900000,0x00000007bf900000)
  from space 3584K, 35% used [0x00000007bfc80000,0x00000007bfdc0000,0x00000007c0000000)
  to   space 3584K, 0% used [0x00000007bf900000,0x00000007bf900000,0x00000007bfc80000)
 ParOldGen       total 263168K, used 166413K [0x0000000700000000, 0x0000000710100000, 0x00000007bc400000)
  object space 263168K, 63% used [0x0000000700000000,0x000000070a283558,0x0000000710100000)
 Metaspace       used 94149K, capacity 95269K, committed 95872K, reserved 1132544K
  class space    used 13422K, capacity 13631K, committed 13696K, reserved 1048576K
Event: 432915.052 GC heap after
Heap after GC invocations=7637 (full 436):
 PSYoungGen      total 57344K, used 3561K [0x00000007bc400000, 0x00000007c0000000, 0x00000007c0000000)
  eden space 53760K, 0% used [0x00000007bc400000,0x00000007bc400000,0x00000007bf880000)
  from space 3584K, 99% used [0x00000007bf900000,0x00000007bfc7a750,0x00000007bfc80000)
  to   space 3584K, 0% used [0x00000007bfc80000,0x00000007bfc80000,0x00000007c0000000)
 ParOldGen       total 263168K, used 167389K [0x0000000700000000, 0x0000000710100000, 0x00000007bc400000)
  object space 263168K, 63% used [0x0000000700000000,0x000000070a377588,0x0000000710100000)
 Metaspace       used 94149K, capacity 95269K, committed 95872K, reserved 1132544K
  class space    used 13422K, capacity 13631K, committed 13696K, reserved 1048576K
}
Event: 432915.896 GC heap before
{Heap before GC invocations=7638 (full 436):
 PSYoungGen      total 57344K, used 57321K [0x00000007bc400000, 0x00000007c0000000, 0x00000007c0000000)
  eden space 53760K, 100% used [0x00000007bc400000,0x00000007bf880000,0x00000007bf880000)
  from space 3584K, 99% used [0x00000007bf900000,0x00000007bfc7a750,0x00000007bfc80000)
  to   space 3584K, 0% used [0x00000007bfc80000,0x00000007bfc80000,0x00000007c0000000)
 ParOldGen       total 263168K, used 167389K [0x0000000700000000, 0x0000000710100000, 0x00000007bc400000)
  object space 263168K, 63% used [0x0000000700000000,0x000000070a377588,0x0000000710100000)
 Metaspace       used 94150K, capacity 95269K, committed 95872K, reserved 1132544K
  class space    used 13422K, capacity 13631K, committed 13696K, reserved 1048576K
Event: 432915.901 GC heap after
Heap after GC invocations=7638 (full 436):
 PSYoungGen      total 55808K, used 3539K [0x00000007bc400000, 0x00000007c0000000, 0x00000007c0000000)
  eden space 52224K, 0% used [0x00000007bc400000,0x00000007bc400000,0x00000007bf700000)
  from space 3584K, 98% used [0x00000007bfc80000,0x00000007bfff4d18,0x00000007c0000000)
  to   space 4608K, 0% used [0x00000007bf700000,0x00000007bf700000,0x00000007bfb80000)
 ParOldGen       total 263168K, used 167517K [0x0000000700000000, 0x0000000710100000, 0x00000007bc400000)
  object space 263168K, 63% used [0x0000000700000000,0x000000070a3975a8,0x0000000710100000)
 Metaspace       used 94150K, capacity 95269K, committed 95872K, reserved 1132544K
  class space    used 13422K, capacity 13631K, committed 13696K, reserved 1048576K
}
Event: 432932.651 GC heap before
{Heap before GC invocations=7639 (full 436):
 PSYoungGen      total 55808K, used 55763K [0x00000007bc400000, 0x00000007c0000000, 0x00000007c0000000)
  eden space 52224K, 100% used [0x00000007bc400000,0x00000007bf700000,0x00000007bf700000)
  from space 3584K, 98% used [0x00000007bfc80000,0x00000007bfff4d18,0x00000007c0000000)
  to   space 4608K, 0% used [0x00000007bf700000,0x00000007bf700000,0x00000007bfb80000)
 ParOldGen       total 263168K, used 167517K [0x0000000700000000, 0x0000000710100000, 0x00000007bc400000)
  object space 263168K, 63% used [0x0000000700000000,0x000000070a3975a8,0x0000000710100000)
 Metaspace       used 94150K, capacity 95269K, committed 95872K, reserved 1132544K
  class space    used 13422K, capacity 13631K, committed 13696K, reserved 1048576K
Event: 432932.656 GC heap after
Heap after GC invocations=7639 (full 436):
 PSYoungGen      total 55808K, used 3812K [0x00000007bc400000, 0x00000007c0000000, 0x00000007c0000000)
  eden space 51712K, 0% used [0x00000007bc400000,0x00000007bc400000,0x00000007bf680000)
  from space 4096K, 93% used [0x00000007bf700000,0x00000007bfab9230,0x00000007bfb00000)
  to   space 5120K, 0% used [0x00000007bfb00000,0x00000007bfb00000,0x00000007c0000000)
 ParOldGen       total 263168K, used 167525K [0x0000000700000000, 0x0000000710100000, 0x00000007bc400000)
  object space 263168K, 63% used [0x0000000700000000,0x000000070a3995a8,0x0000000710100000)
 Metaspace       used 94150K, capacity 95269K, committed 95872K, reserved 1132544K
  class space    used 13422K, capacity 13631K, committed 13696K, reserved 1048576K
}
Event: 432949.128 GC heap before
{Heap before GC invocations=7640 (full 436):
 PSYoungGen      total 55808K, used 55524K [0x00000007bc400000, 0x00000007c0000000, 0x00000007c0000000)
  eden space 51712K, 100% used [0x00000007bc400000,0x00000007bf680000,0x00000007bf680000)
  from space 4096K, 93% used [0x00000007bf700000,0x00000007bfab9230,0x00000007bfb00000)
  to   space 5120K, 0% used [0x00000007bfb00000,0x00000007bfb00000,0x00000007c0000000)
 ParOldGen       total 263168K, used 167525K [0x0000000700000000, 0x0000000710100000, 0x00000007bc400000)
  object space 263168K, 63% used [0x0000000700000000,0x000000070a3995a8,0x0000000710100000)
 Metaspace       used 94158K, capacity 95269K, committed 95872K, reserved 1132544K
  class space    used 13422K, capacity 13631K, committed 13696K, reserved 1048576K
Event: 432949.133 GC heap after
Heap after GC invocations=7640 (full 436):
 PSYoungGen      total 55296K, used 3897K [0x00000007bc400000, 0x00000007c0000000, 0x00000007c0000000)
  eden space 50176K, 0% used [0x00000007bc400000,0x00000007bc400000,0x00000007bf500000)
  from space 5120K, 76% used [0x00000007bfb00000,0x00000007bfece740,0x00000007c0000000)
  to   space 5632K, 0% used [0x00000007bf500000,0x00000007bf500000,0x00000007bfa80000)
 ParOldGen       total 263168K, used 167533K [0x0000000700000000, 0x0000000710100000, 0x00000007bc400000)
  object space 263168K, 63% used [0x0000000700000000,0x000000070a39b5a8,0x0000000710100000)
 Metaspace       used 94158K, capacity 95269K, committed 95872K, reserved 1132544K
  class space    used 13422K, capacity 13631K, committed 13696K, reserved 1048576K
}

