# JRE version: Java(TM) SE Runtime Environment (8.0_112-b15) (build 1.8.0_112-b15)
# Java VM: Java HotSpot(TM) 64-Bit Server VM (25.112-b15 mixed mode windows-amd64 compressed oops)
Heap:
 PSYoungGen      total 58880K, used 10482K [0x00000007bc400000, 0x00000007c0000000, 0x00000007c0000000)
  eden space 56320K, 16% used [0x00000007bc400000,0x00000007bcd14a10,0x00000007bfb00000)
  from space 2560K, 46% used [0x00000007bfd80000,0x00000007bfea8000,0x00000007c0000000)
  to   space 2560K, 0% used [0x00000007bfb00000,0x00000007bfb00000,0x00000007bfd80000)
 ParOldGen       total 92672K, used 73972K [0x0000000700000000, 0x0000000705a80000, 0x00000007bc400000)
  object space 92672K, 79% used [0x0000000700000000,0x000000070483d210,0x0000000705a80000)
 Metaspace       used 72665K, capacity 73345K, committed 73984K, reserved 1114112K
  class space    used 9538K, capacity 9677K, committed 9728K, reserved 1048576K
GC Heap History (10 events):
Event: 1928298.690 GC heap before
{Heap before GC invocations=17951 (full 1075):
 PSYoungGen      total 58880K, used 57952K [0x00000007bc400000, 0x00000007c0000000, 0x00000007c0000000)
  eden space 56320K, 100% used [0x00000007bc400000,0x00000007bfb00000,0x00000007bfb00000)
  from space 2560K, 63% used [0x00000007bfb00000,0x00000007bfc98000,0x00000007bfd80000)
  to   space 2560K, 0% used [0x00000007bfd80000,0x00000007bfd80000,0x00000007c0000000)
 ParOldGen       total 92672K, used 72844K [0x0000000700000000, 0x0000000705a80000, 0x00000007bc400000)
  object space 92672K, 78% used [0x0000000700000000,0x00000007047231e0,0x0000000705a80000)
 Metaspace       used 72665K, capacity 73345K, committed 73984K, reserved 1114112K
  class space    used 9538K, capacity 9677K, committed 9728K, reserved 1048576K
Event: 1928298.704 GC heap after
Heap after GC invocations=17951 (full 1075):
 PSYoungGen      total 58880K, used 1056K [0x00000007bc400000, 0x00000007c0000000, 0x00000007c0000000)
  eden space 56320K, 0% used [0x00000007bc400000,0x00000007bc400000,0x00000007bfb00000)
  from space 2560K, 41% used [0x00000007bfd80000,0x00000007bfe88000,0x00000007c0000000)
  to   space 2560K, 0% used [0x00000007bfb00000,0x00000007bfb00000,0x00000007bfd80000)
 ParOldGen       total 92672K, used 73460K [0x0000000700000000, 0x0000000705a80000, 0x00000007bc400000)
  object space 92672K, 79% used [0x0000000700000000,0x00000007047bd210,0x0000000705a80000)
 Metaspace       used 72665K, capacity 73345K, committed 73984K, reserved 1114112K
  class space    used 9538K, capacity 9677K, committed 9728K, reserved 1048576K
}
Event: 1928298.955 GC heap before
{Heap before GC invocations=17952 (full 1075):
 PSYoungGen      total 58880K, used 57376K [0x00000007bc400000, 0x00000007c0000000, 0x00000007c0000000)
  eden space 56320K, 100% used [0x00000007bc400000,0x00000007bfb00000,0x00000007bfb00000)
  from space 2560K, 41% used [0x00000007bfd80000,0x00000007bfe88000,0x00000007c0000000)
  to   space 2560K, 0% used [0x00000007bfb00000,0x00000007bfb00000,0x00000007bfd80000)
 ParOldGen       total 92672K, used 73460K [0x0000000700000000, 0x0000000705a80000, 0x00000007bc400000)
  object space 92672K, 79% used [0x0000000700000000,0x00000007047bd210,0x0000000705a80000)
 Metaspace       used 72665K, capacity 73345K, committed 73984K, reserved 1114112K
  class space    used 9538K, capacity 9677K, committed 9728K, reserved 1048576K
Event: 1928298.960 GC heap after
Heap after GC invocations=17952 (full 1075):
 PSYoungGen      total 58880K, used 1056K [0x00000007bc400000, 0x00000007c0000000, 0x00000007c0000000)
  eden space 56320K, 0% used [0x00000007bc400000,0x00000007bc400000,0x00000007bfb00000)
  from space 2560K, 41% used [0x00000007bfb00000,0x00000007bfc08000,0x00000007bfd80000)
  to   space 2560K, 0% used [0x00000007bfd80000,0x00000007bfd80000,0x00000007c0000000)
 ParOldGen       total 92672K, used 73580K [0x0000000700000000, 0x0000000705a80000, 0x00000007bc400000)
  object space 92672K, 79% used [0x0000000700000000,0x00000007047db210,0x0000000705a80000)
 Metaspace       used 72665K, capacity 73345K, committed 73984K, reserved 1114112K
  class space    used 9538K, capacity 9677K, committed 9728K, reserved 1048576K
}
Event: 1928299.211 GC heap before
{Heap before GC invocations=17953 (full 1075):
 PSYoungGen      total 58880K, used 57376K [0x00000007bc400000, 0x00000007c0000000, 0x00000007c0000000)
  eden space 56320K, 100% used [0x00000007bc400000,0x00000007bfb00000,0x00000007bfb00000)
  from space 2560K, 41% used [0x00000007bfb00000,0x00000007bfc08000,0x00000007bfd80000)
  to   space 2560K, 0% used [0x00000007bfd80000,0x00000007bfd80000,0x00000007c0000000)
 ParOldGen       total 92672K, used 73580K [0x0000000700000000, 0x0000000705a80000, 0x00000007bc400000)
  object space 92672K, 79% used [0x0000000700000000,0x00000007047db210,0x0000000705a80000)
 Metaspace       used 72665K, capacity 73345K, committed 73984K, reserved 1114112K
  class space    used 9538K, capacity 9677K, committed 9728K, reserved 1048576K
Event: 1928299.216 GC heap after
Heap after GC invocations=17953 (full 1075):
 PSYoungGen      total 58880K, used 1024K [0x00000007bc400000, 0x00000007c0000000, 0x00000007c0000000)
  eden space 56320K, 0% used [0x00000007bc400000,0x00000007bc400000,0x00000007bfb00000)
  from space 2560K, 40% used [0x00000007bfd80000,0x00000007bfe80000,0x00000007c0000000)
  to   space 2560K, 0% used [0x00000007bfb00000,0x00000007bfb00000,0x00000007bfd80000)
 ParOldGen       total 92672K, used 73716K [0x0000000700000000, 0x0000000705a80000, 0x00000007bc400000)
  object space 92672K, 79% used [0x0000000700000000,0x00000007047fd210,0x0000000705a80000)
 Metaspace       used 72665K, capacity 73345K, committed 73984K, reserved 1114112K
  class space    used 9538K, capacity 9677K, committed 9728K, reserved 1048576K
}
Event: 1928299.466 GC heap before
{Heap before GC invocations=17954 (full 1075):
 PSYoungGen      total 58880K, used 57344K [0x00000007bc400000, 0x00000007c0000000, 0x00000007c0000000)
  eden space 56320K, 100% used [0x00000007bc400000,0x00000007bfb00000,0x00000007bfb00000)
  from space 2560K, 40% used [0x00000007bfd80000,0x00000007bfe80000,0x00000007c0000000)
  to   space 2560K, 0% used [0x00000007bfb00000,0x00000007bfb00000,0x00000007bfd80000)
 ParOldGen       total 92672K, used 73716K [0x0000000700000000, 0x0000000705a80000, 0x00000007bc400000)
  object space 92672K, 79% used [0x0000000700000000,0x00000007047fd210,0x0000000705a80000)
 Metaspace       used 72665K, capacity 73345K, committed 73984K, reserved 1114112K
  class space    used 9538K, capacity 9677K, committed 9728K, reserved 1048576K
Event: 1928299.470 GC heap after
Heap after GC invocations=17954 (full 1075):
 PSYoungGen      total 58880K, used 992K [0x00000007bc400000, 0x00000007c0000000, 0x00000007c0000000)
  eden space 56320K, 0% used [0x00000007bc400000,0x00000007bc400000,0x00000007bfb00000)
  from space 2560K, 38% used [0x00000007bfb00000,0x00000007bfbf8000,0x00000007bfd80000)
  to   space 2560K, 0% used [0x00000007bfd80000,0x00000007bfd80000,0x00000007c0000000)
 ParOldGen       total 92672K, used 73860K [0x0000000700000000, 0x0000000705a80000, 0x00000007bc400000)
  object space 92672K, 79% used [0x0000000700000000,0x0000000704821210,0x0000000705a80000)
 Metaspace       used 72665K, capacity 73345K, committed 73984K, reserved 1114112K
  class space    used 9538K, capacity 9677K, committed 9728K, reserved 1048576K
}
Event: 1928299.740 GC heap before
{Heap before GC invocations=17955 (full 1075):
 PSYoungGen      total 58880K, used 57312K [0x00000007bc400000, 0x00000007c0000000, 0x00000007c0000000)
  eden space 56320K, 100% used [0x00000007bc400000,0x00000007bfb00000,0x00000007bfb00000)
  from space 2560K, 38% used [0x00000007bfb00000,0x00000007bfbf8000,0x00000007bfd80000)
  to   space 2560K, 0% used [0x00000007bfd80000,0x00000007bfd80000,0x00000007c0000000)
 ParOldGen       total 92672K, used 73860K [0x0000000700000000, 0x0000000705a80000, 0x00000007bc400000)
  object space 92672K, 79% used [0x0000000700000000,0x0000000704821210,0x0000000705a80000)
 Metaspace       used 72665K, capacity 73345K, committed 73984K, reserved 1114112K
  class space    used 9538K, capacity 9677K, committed 9728K, reserved 1048576K
Event: 1928299.743 GC heap after
Heap after GC invocations=17955 (full 1075):
 PSYoungGen      total 58880K, used 1184K [0x00000007bc400000, 0x00000007c0000000, 0x00000007c0000000)
  eden space 56320K, 0% used [0x00000007bc400000,0x00000007bc400000,0x00000007bfb00000)
  from space 2560K, 46% used [0x00000007bfd80000,0x00000007bfea8000,0x00000007c0000000)
  to   space 2560K, 0% used [0x00000007bfb00000,0x00000007bfb00000,0x00000007bfd80000)
 ParOldGen       total 92672K, used 73972K [0x0000000700000000, 0x0000000705a80000, 0x00000007bc400000)
  object space 92672K, 79% used [0x0000000700000000,0x000000070483d210,0x0000000705a80000)
 Metaspace       used 72665K, capacity 73345K, committed 73984K, reserved 1114112K
  class space    used 9538K, capacity 9677K, committed 9728K, reserved 1048576K
}

